

Processing ApplicationController#index (for 10.0.1.10 at 2009-03-17 16:24:11) [GET]

ActionController::RoutingError (No route matches "/retail" with {:method=>:get}):
  

Rendering rescues/layout (not_found)


Processing ApplicationController#index (for 10.0.1.10 at 2009-03-17 16:24:15) [GET]

ActionController::RoutingError (No route matches "/retail/" with {:method=>:get}):
  

Rendering rescues/layout (not_found)


Processing ApplicationController#index (for 10.0.1.10 at 2009-03-17 16:25:11) [GET]

ActionController::RoutingError (No route matches "/retail/" with {:method=>:get}):
  

Rendering rescues/layout (not_found)


Processing Rails::InfoController#properties (for 10.0.1.10 at 2009-03-17 16:25:59) [GET]
  [4;36;1mSQL (0.3ms)[0m   [0;1m SELECT name
 FROM sqlite_master
 WHERE type = 'table' AND NOT name = 'sqlite_sequence'
[0m
Completed in 50ms (View: 2, DB: 0) | 200 OK [http://liamc.local/retail/rails/info/properties]
  [4;36;1mSQL (0.2ms)[0m   [0;1m SELECT name
 FROM sqlite_master
 WHERE type = 'table' AND NOT name = 'sqlite_sequence'
[0m
  [4;35;1mSQL (0.1ms)[0m   [0mselect sqlite_version(*)[0m
  [4;36;1mSQL (1.1ms)[0m   [0;1mCREATE TABLE "schema_migrations" ("version" varchar(255) NOT NULL) [0m
  [4;35;1mSQL (0.9ms)[0m   [0mCREATE UNIQUE INDEX "unique_schema_migrations" ON "schema_migrations" ("version")[0m
  [4;36;1mSQL (0.1ms)[0m   [0;1m SELECT name
 FROM sqlite_master
 WHERE type = 'table' AND NOT name = 'sqlite_sequence'
[0m
  [4;35;1mSQL (0.1ms)[0m   [0mSELECT version FROM schema_migrations[0m
Migrating to CreateProducts (20081211090510)
  [4;36;1mSQL (0.6ms)[0m   [0;1mCREATE TABLE "products" ("id" INTEGER PRIMARY KEY AUTOINCREMENT NOT NULL, "name" varchar(255), "image_file" varchar(255), "price" decimal(8,2) DEFAULT 0, "created_at" datetime, "updated_at" datetime) [0m
  [4;35;1mSQL (0.1ms)[0m   [0mINSERT INTO schema_migrations (version) VALUES ('20081211090510')[0m
Migrating to PopulateProducts (20081211091037)
  [4;36;1mProduct Delete all (0.2ms)[0m   [0;1mDELETE FROM "products" WHERE 1=1[0m
  [4;35;1mProduct Create (0.1ms)[0m   [0mINSERT INTO "products" ("name", "image_file", "updated_at", "price", "created_at") VALUES('Grow your own Christmas tree', 'growxmastree2.jpg', '2009-03-19 15:39:32', 1.89, '2009-03-19 15:39:32')[0m
  [4;36;1mProduct Create (0.1ms)[0m   [0;1mINSERT INTO "products" ("name", "image_file", "updated_at", "price", "created_at") VALUES('Finger puppets', 'fingerpuppetxmas2.jpg', '2009-03-19 15:39:32', 0.99, '2009-03-19 15:39:32')[0m
  [4;35;1mProduct Create (0.1ms)[0m   [0mINSERT INTO "products" ("name", "image_file", "updated_at", "price", "created_at") VALUES('Christmas twisty puzzle', 'puzzlexmastwisty2.jpg', '2009-03-19 15:39:32', 2.99, '2009-03-19 15:39:32')[0m
  [4;36;1mProduct Create (0.1ms)[0m   [0;1mINSERT INTO "products" ("name", "image_file", "updated_at", "price", "created_at") VALUES('Animal photo frames', 'animalphotoframe2.jpg', '2009-03-19 15:39:32', 1.49, '2009-03-19 15:39:32')[0m
  [4;35;1mSQL (10.9ms)[0m   [0mINSERT INTO schema_migrations (version) VALUES ('20081211091037')[0m
  [4;36;1mSQL (0.2ms)[0m   [0;1m SELECT name
 FROM sqlite_master
 WHERE type = 'table' AND NOT name = 'sqlite_sequence'
[0m
  [4;35;1mSQL (0.1ms)[0m   [0mSELECT version FROM schema_migrations[0m
  [4;36;1mSQL (0.1ms)[0m   [0;1m SELECT name
 FROM sqlite_master
 WHERE type = 'table' AND NOT name = 'sqlite_sequence'
[0m
  [4;35;1mSQL (0.0ms)[0m   [0mPRAGMA index_list("products")[0m
